[movie-sync] poster current URL | title="Dracula" | url=https://cuecinemas.com/CDN/media/entity/get/FilmPosterGraphic/h-HO00001092?width=121&height=180&referenceScheme=HeadOffice&allowPlaceHolder=true
[movie-sync] poster discovered candidates | title="Dracula" | urls=poster:121x180:https://cuecinemas.com/CDN/media/entity/get/FilmPosterGraphic/h-HO00001092?width=121&height=180&referenceScheme=HeadOffice&allowPlaceHolder=true [list:[style.background-image]] | backdrop:1024x?:https://cuecinemas.com/CDN/media/entity/get/FilmBackdrop/h-HO00001092?width=1024&referenceScheme=HeadOffice&allowPlaceHolder=true&fallbackMediaType=FilmTitleGraphic [detail:[data-image-url]]
[movie-sync] poster selected best Cue URL | title="Dracula" | url=https://cuecinemas.com/CDN/media/entity/get/FilmPosterGraphic/h-HO00001092?width=121&height=180&referenceScheme=HeadOffice&allowPlaceHolder=true
[movie-sync] poster candidate note | title="Dracula" | Cue only exposes the low-resolution poster in inspected page HTML; downloader fallback will try normalized poster URL variants
[movie-sync] poster current URL | title="Ishqan De Lekhe" | url=https://cuecinemas.com/CDN/media/entity/get/FilmPosterGraphic/h-HO00001101?width=121&height=180&referenceScheme=HeadOffice&allowPlaceHolder=true
[movie-sync] poster discovered candidates | title="Ishqan De Lekhe" | urls=poster:121x180:https://cuecinemas.com/CDN/media/entity/get/FilmPosterGraphic/h-HO00001101?width=121&height=180&referenceScheme=HeadOffice&allowPlaceHolder=true [list:[style.background-image]] | backdrop:1024x?:https://cuecinemas.com/CDN/media/entity/get/FilmBackdrop/h-HO00001101?width=1024&referenceScheme=HeadOffice&allowPlaceHolder=true&fallbackMediaType=FilmTitleGraphic [detail:[data-image-url]]
[movie-sync] poster selected best Cue URL | title="Ishqan De Lekhe" | url=https://cuecinemas.com/CDN/media/entity/get/FilmPosterGraphic/h-HO00001101?width=121&height=180&referenceScheme=HeadOffice&allowPlaceHolder=true
[movie-sync] poster candidate note | title="Ishqan De Lekhe" | Cue only exposes the low-resolution poster in inspected page HTML; downloader fallback will try normalized poster URL variants
[movie-sync] poster current URL | title="Bambukat 2" | url=https://cuecinemas.com/CDN/media/entity/get/FilmPosterGraphic/h-HO00001085?width=121&height=180&referenceScheme=HeadOffice&allowPlaceHolder=true
[movie-sync] poster discovered candidates | title="Bambukat 2" | urls=poster:121x180:https://cuecinemas.com/CDN/media/entity/get/FilmPosterGraphic/h-HO00001085?width=121&height=180&referenceScheme=HeadOffice&allowPlaceHolder=true [list:[style.background-image]] | backdrop:1024x?:https://cuecinemas.com/CDN/media/entity/get/FilmBackdrop/h-HO00001085?width=1024&referenceScheme=HeadOffice&allowPlaceHolder=true&fallbackMediaType=FilmTitleGraphic [detail:[data-image-url]]
[movie-sync] poster selected best Cue URL | title="Bambukat 2" | url=https://cuecinemas.com/CDN/media/entity/get/FilmPosterGraphic/h-HO00001085?width=121&height=180&referenceScheme=HeadOffice&allowPlaceHolder=true
[movie-sync] poster candidate note | title="Bambukat 2" | Cue only exposes the low-resolution poster in inspected page HTML; downloader fallback will try normalized poster URL variants
[movie-sync] poster current URL | title="Rabb da Radio 3" | url=https://cuecinemas.com/CDN/media/entity/get/FilmPosterGraphic/h-HO00001099?width=121&height=180&referenceScheme=HeadOffice&allowPlaceHolder=true
[movie-sync] poster discovered candidates | title="Rabb da Radio 3" | urls=poster:121x180:https://cuecinemas.com/CDN/media/entity/get/FilmPosterGraphic/h-HO00001099?width=121&height=180&referenceScheme=HeadOffice&allowPlaceHolder=true [list:[style.background-image]] | backdrop:1024x?:https://cuecinemas.com/CDN/media/entity/get/FilmBackdrop/h-HO00001099?width=1024&referenceScheme=HeadOffice&allowPlaceHolder=true&fallbackMediaType=FilmTitleGraphic [detail:[data-image-url]]
[movie-sync] poster selected best Cue URL | title="Rabb da Radio 3" | url=https://cuecinemas.com/CDN/media/entity/get/FilmPosterGraphic/h-HO00001099?width=121&height=180&referenceScheme=HeadOffice&allowPlaceHolder=true
[movie-sync] poster candidate note | title="Rabb da Radio 3" | Cue only exposes the low-resolution poster in inspected page HTML; downloader fallback will try normalized poster URL variants
[movie-sync] poster current URL | title="The Curse of the otem" | url=https://cuecinemas.com/CDN/media/entity/get/FilmPosterGraphic/f-F000001492?width=121&height=180&referenceScheme=Global&allowPlaceHolder=true
[movie-sync] poster discovered candidates | title="The Curse of the otem" | urls=poster:121x180:https://cuecinemas.com/CDN/media/entity/get/FilmPosterGraphic/f-F000001492?width=121&height=180&referenceScheme=Global&allowPlaceHolder=true [list:[style.background-image]] | backdrop:1024x?:https://cuecinemas.com/CDN/media/entity/get/FilmBackdrop/f-F000001492?width=1024&referenceScheme=Global&allowPlaceHolder=true&fallbackMediaType=FilmTitleGraphic [detail:[data-image-url]]
[movie-sync] poster selected best Cue URL | title="The Curse of the otem" | url=https://cuecinemas.com/CDN/media/entity/get/FilmPosterGraphic/f-F000001492?width=121&height=180&referenceScheme=Global&allowPlaceHolder=true
[movie-sync] poster candidate note | title="The Curse of the otem" | Cue only exposes the low-resolution poster in inspected page HTML; downloader fallback will try normalized poster URL variants
[movie-sync] poster current URL | title="Delhi Gate" | url=https://cuecinemas.com/CDN/media/entity/get/FilmPosterGraphic/h-HO00000742?width=121&height=180&referenceScheme=HeadOffice&allowPlaceHolder=true
[movie-sync] poster discovered candidates | title="Delhi Gate" | urls=poster:121x180:https://cuecinemas.com/CDN/media/entity/get/FilmPosterGraphic/h-HO00000742?width=121&height=180&referenceScheme=HeadOffice&allowPlaceHolder=true [list:[style.background-image]] | backdrop:1024x?:https://cuecinemas.com/CDN/media/entity/get/FilmBackdrop/h-HO00000742?width=1024&referenceScheme=HeadOffice&allowPlaceHolder=true&fallbackMediaType=FilmTitleGraphic [detail:[data-image-url]]
[movie-sync] poster selected best Cue URL | title="Delhi Gate" | url=https://cuecinemas.com/CDN/media/entity/get/FilmPosterGraphic/h-HO00000742?width=121&height=180&referenceScheme=HeadOffice&allowPlaceHolder=true
[movie-sync] poster candidate note | title="Delhi Gate" | Cue only exposes the low-resolution poster in inspected page HTML; downloader fallback will try normalized poster URL variants
[movie-sync] poster current URL | title="Alas Roban" | url=https://cuecinemas.com/CDN/media/entity/get/FilmPosterGraphic/h-HO00001063?width=121&height=180&referenceScheme=HeadOffice&allowPlaceHolder=true
[movie-sync] poster discovered candidates | title="Alas Roban" | urls=poster:121x180:https://cuecinemas.com/CDN/media/entity/get/FilmPosterGraphic/h-HO00001063?width=121&height=180&referenceScheme=HeadOffice&allowPlaceHolder=true [list:[style.background-image]] | backdrop:1024x?:https://cuecinemas.com/CDN/media/entity/get/FilmBackdrop/h-HO00001063?width=1024&referenceScheme=HeadOffice&allowPlaceHolder=true&fallbackMediaType=FilmTitleGraphic [detail:[data-image-url]]
[movie-sync] poster selected best Cue URL | title="Alas Roban" | url=https://cuecinemas.com/CDN/media/entity/get/FilmPosterGraphic/h-HO00001063?width=121&height=180&referenceScheme=HeadOffice&allowPlaceHolder=true
[movie-sync] poster candidate note | title="Alas Roban" | Cue only exposes the low-resolution poster in inspected page HTML; downloader fallback will try normalized poster URL variants
[movie-sync] poster current URL | title="Hokum" | url=https://cuecinemas.com/CDN/media/entity/get/FilmPosterGraphic/f-F000001487?width=121&height=180&referenceScheme=Global&allowPlaceHolder=true
[movie-sync] poster discovered candidates | title="Hokum" | urls=poster:121x180:https://cuecinemas.com/CDN/media/entity/get/FilmPosterGraphic/f-F000001487?width=121&height=180&referenceScheme=Global&allowPlaceHolder=true [list:[style.background-image]] | backdrop:1024x?:https://cuecinemas.com/CDN/media/entity/get/FilmBackdrop/f-F000001487?width=1024&referenceScheme=Global&allowPlaceHolder=true&fallbackMediaType=FilmTitleGraphic [detail:[data-image-url]]
[movie-sync] poster selected best Cue URL | title="Hokum" | url=https://cuecinemas.com/CDN/media/entity/get/FilmPosterGraphic/f-F000001487?width=121&height=180&referenceScheme=Global&allowPlaceHolder=true
[movie-sync] poster candidate note | title="Hokum" | Cue only exposes the low-resolution poster in inspected page HTML; downloader fallback will try normalized poster URL variants
[movie-sync] poster current URL | title="Luv Di Saun" | url=https://cuecinemas.com/CDN/media/entity/get/FilmPosterGraphic/f-F000001456?width=121&height=180&referenceScheme=Global&allowPlaceHolder=true
[movie-sync] poster discovered candidates | title="Luv Di Saun" | urls=poster:121x180:https://cuecinemas.com/CDN/media/entity/get/FilmPosterGraphic/f-F000001456?width=121&height=180&referenceScheme=Global&allowPlaceHolder=true [list:[style.background-image]] | backdrop:1024x?:https://cuecinemas.com/CDN/media/entity/get/FilmBackdrop/f-F000001456?width=1024&referenceScheme=Global&allowPlaceHolder=true&fallbackMediaType=FilmTitleGraphic [detail:[data-image-url]]
[movie-sync] poster selected best Cue URL | title="Luv Di Saun" | url=https://cuecinemas.com/CDN/media/entity/get/FilmPosterGraphic/f-F000001456?width=121&height=180&referenceScheme=Global&allowPlaceHolder=true
[movie-sync] poster candidate note | title="Luv Di Saun" | Cue only exposes the low-resolution poster in inspected page HTML; downloader fallback will try normalized poster URL variants
[movie-sync] poster current URL | title="Viyaah Kartaare Da" | url=https://cuecinemas.com/CDN/media/entity/get/FilmPosterGraphic/h-HO00001097?width=121&height=180&referenceScheme=HeadOffice&allowPlaceHolder=true
[movie-sync] poster discovered candidates | title="Viyaah Kartaare Da" | urls=poster:121x180:https://cuecinemas.com/CDN/media/entity/get/FilmPosterGraphic/h-HO00001097?width=121&height=180&referenceScheme=HeadOffice&allowPlaceHolder=true [list:[style.background-image]] | backdrop:1024x?:https://cuecinemas.com/CDN/media/entity/get/FilmBackdrop/h-HO00001097?width=1024&referenceScheme=HeadOffice&allowPlaceHolder=true&fallbackMediaType=FilmTitleGraphic [detail:[data-image-url]]
[movie-sync] poster selected best Cue URL | title="Viyaah Kartaare Da" | url=https://cuecinemas.com/CDN/media/entity/get/FilmPosterGraphic/h-HO00001097?width=121&height=180&referenceScheme=HeadOffice&allowPlaceHolder=true
[movie-sync] poster candidate note | title="Viyaah Kartaare Da" | Cue only exposes the low-resolution poster in inspected page HTML; downloader fallback will try normalized poster URL variants
[movie-sync] poster current URL | title="Ready or Not 2: Here I Come" | url=https://cuecinemas.com/CDN/media/entity/get/FilmPosterGraphic/h-HO00001041?width=121&height=180&referenceScheme=HeadOffice&allowPlaceHolder=true
[movie-sync] poster discovered candidates | title="Ready or Not 2: Here I Come" | urls=poster:121x180:https://cuecinemas.com/CDN/media/entity/get/FilmPosterGraphic/h-HO00001041?width=121&height=180&referenceScheme=HeadOffice&allowPlaceHolder=true [list:[style.background-image]] | backdrop:1024x?:https://cuecinemas.com/CDN/media/entity/get/FilmBackdrop/h-HO00001041?width=1024&referenceScheme=HeadOffice&allowPlaceHolder=true&fallbackMediaType=FilmTitleGraphic [detail:[data-image-url]]
[movie-sync] poster selected best Cue URL | title="Ready or Not 2: Here I Come" | url=https://cuecinemas.com/CDN/media/entity/get/FilmPosterGraphic/h-HO00001041?width=121&height=180&referenceScheme=HeadOffice&allowPlaceHolder=true
[movie-sync] poster candidate note | title="Ready or Not 2: Here I Come" | Cue only exposes the low-resolution poster in inspected page HTML; downloader fallback will try normalized poster URL variants
[movie-sync] poster current URL | title="The Super Mario Galaxy Movie" | url=https://cuecinemas.com/CDN/media/entity/get/FilmPosterGraphic/h-HO00001031?width=121&height=180&referenceScheme=HeadOffice&allowPlaceHolder=true
[movie-sync] poster discovered candidates | title="The Super Mario Galaxy Movie" | urls=poster:121x180:https://cuecinemas.com/CDN/media/entity/get/FilmPosterGraphic/h-HO00001031?width=121&height=180&referenceScheme=HeadOffice&allowPlaceHolder=true [list:[style.background-image]] | backdrop:1024x?:https://cuecinemas.com/CDN/media/entity/get/FilmBackdrop/h-HO00001031?width=1024&referenceScheme=HeadOffice&allowPlaceHolder=true&fallbackMediaType=FilmTitleGraphic [detail:[data-image-url]]
[movie-sync] poster selected best Cue URL | title="The Super Mario Galaxy Movie" | url=https://cuecinemas.com/CDN/media/entity/get/FilmPosterGraphic/h-HO00001031?width=121&height=180&referenceScheme=HeadOffice&allowPlaceHolder=true
[movie-sync] poster candidate note | title="The Super Mario Galaxy Movie" | Cue only exposes the low-resolution poster in inspected page HTML; downloader fallback will try normalized poster URL variants
[movie-sync] poster current URL | title="Carry on Jatta 4" | url=https://cuecinemas.com/CDN/media/entity/get/FilmPosterGraphic/f-F000001478?width=121&height=180&referenceScheme=Global&allowPlaceHolder=true
[movie-sync] poster discovered candidates | title="Carry on Jatta 4" | urls=poster:121x180:https://cuecinemas.com/CDN/media/entity/get/FilmPosterGraphic/f-F000001478?width=121&height=180&referenceScheme=Global&allowPlaceHolder=true [list:[style.background-image]] | backdrop:1024x?:https://cuecinemas.com/CDN/media/entity/get/FilmBackdrop/f-F000001478?width=1024&referenceScheme=Global&allowPlaceHolder=true&fallbackMediaType=FilmTitleGraphic [detail:[data-image-url]]
[movie-sync] poster selected best Cue URL | title="Carry on Jatta 4" | url=https://cuecinemas.com/CDN/media/entity/get/FilmPosterGraphic/f-F000001478?width=121&height=180&referenceScheme=Global&allowPlaceHolder=true
[movie-sync] poster candidate note | title="Carry on Jatta 4" | Cue only exposes the low-resolution poster in inspected page HTML; downloader fallback will try normalized poster URL variants
[movie-sync] poster current URL | title="Kafir: Gerbang Sukma" | url=https://cuecinemas.com/CDN/media/entity/get/FilmPosterGraphic/f-F000001491?width=121&height=180&referenceScheme=Global&allowPlaceHolder=true
[movie-sync] poster discovered candidates | title="Kafir: Gerbang Sukma" | urls=poster:121x180:https://cuecinemas.com/CDN/media/entity/get/FilmPosterGraphic/f-F000001491?width=121&height=180&referenceScheme=Global&allowPlaceHolder=true [list:[style.background-image]] | backdrop:1024x?:https://cuecinemas.com/CDN/media/entity/get/FilmBackdrop/f-F000001491?width=1024&referenceScheme=Global&allowPlaceHolder=true&fallbackMediaType=FilmTitleGraphic [detail:[data-image-url]]
[movie-sync] poster selected best Cue URL | title="Kafir: Gerbang Sukma" | url=https://cuecinemas.com/CDN/media/entity/get/FilmPosterGraphic/f-F000001491?width=121&height=180&referenceScheme=Global&allowPlaceHolder=true
[movie-sync] poster candidate note | title="Kafir: Gerbang Sukma" | Cue only exposes the low-resolution poster in inspected page HTML; downloader fallback will try normalized poster URL variants
[movie-sync] poster current URL | title="Normal" | url=https://cuecinemas.com/CDN/media/entity/get/FilmPosterGraphic/f-F000001470?width=121&height=180&referenceScheme=Global&allowPlaceHolder=true
[movie-sync] poster discovered candidates | title="Normal" | urls=poster:121x180:https://cuecinemas.com/CDN/media/entity/get/FilmPosterGraphic/f-F000001470?width=121&height=180&referenceScheme=Global&allowPlaceHolder=true [list:[style.background-image]] | backdrop:1024x?:https://cuecinemas.com/CDN/media/entity/get/FilmBackdrop/f-F000001470?width=1024&referenceScheme=Global&allowPlaceHolder=true&fallbackMediaType=FilmTitleGraphic [detail:[data-image-url]]
[movie-sync] poster selected best Cue URL | title="Normal" | url=https://cuecinemas.com/CDN/media/entity/get/FilmPosterGraphic/f-F000001470?width=121&height=180&referenceScheme=Global&allowPlaceHolder=true
[movie-sync] poster candidate note | title="Normal" | Cue only exposes the low-resolution poster in inspected page HTML; downloader fallback will try normalized poster URL variants
[movie-sync] poster current URL | title="Khan Tumhara" | url=https://cuecinemas.com/CDN/media/entity/get/FilmPosterGraphic/f-F000001386?width=121&height=180&referenceScheme=Global&allowPlaceHolder=true
[movie-sync] poster discovered candidates | title="Khan Tumhara" | urls=poster:121x180:https://cuecinemas.com/CDN/media/entity/get/FilmPosterGraphic/f-F000001386?width=121&height=180&referenceScheme=Global&allowPlaceHolder=true [list:[style.background-image]] | backdrop:1024x?:https://cuecinemas.com/CDN/media/entity/get/FilmBackdrop/f-F000001386?width=1024&referenceScheme=Global&allowPlaceHolder=true&fallbackMediaType=FilmTitleGraphic [detail:[data-image-url]]
[movie-sync] poster selected best Cue URL | title="Khan Tumhara" | url=https://cuecinemas.com/CDN/media/entity/get/FilmPosterGraphic/f-F000001386?width=121&height=180&referenceScheme=Global&allowPlaceHolder=true
[movie-sync] poster candidate note | title="Khan Tumhara" | Cue only exposes the low-resolution poster in inspected page HTML; downloader fallback will try normalized poster URL variants
[movie-sync] poster current URL | title="Masters of the Universe" | url=https://cuecinemas.com/CDN/media/entity/get/FilmPosterGraphic/f-F000001462?width=121&height=180&referenceScheme=Global&allowPlaceHolder=true
[movie-sync] poster discovered candidates | title="Masters of the Universe" | urls=poster:121x180:https://cuecinemas.com/CDN/media/entity/get/FilmPosterGraphic/f-F000001462?width=121&height=180&referenceScheme=Global&allowPlaceHolder=true [list:[style.background-image]] | backdrop:1024x?:https://cuecinemas.com/CDN/media/entity/get/FilmBackdrop/f-F000001462?width=1024&referenceScheme=Global&allowPlaceHolder=true&fallbackMediaType=FilmTitleGraphic [detail:[data-image-url]]
[movie-sync] poster selected best Cue URL | title="Masters of the Universe" | url=https://cuecinemas.com/CDN/media/entity/get/FilmPosterGraphic/f-F000001462?width=121&height=180&referenceScheme=Global&allowPlaceHolder=true
[movie-sync] poster candidate note | title="Masters of the Universe" | Cue only exposes the low-resolution poster in inspected page HTML; downloader fallback will try normalized poster URL variants
[movie-sync] poster current URL | title="Bullah" | url=https://cuecinemas.com/CDN/media/entity/get/FilmPosterGraphic/h-HO00001074?width=121&height=180&referenceScheme=HeadOffice&allowPlaceHolder=true
[movie-sync] poster discovered candidates | title="Bullah" | urls=poster:121x180:https://cuecinemas.com/CDN/media/entity/get/FilmPosterGraphic/h-HO00001074?width=121&height=180&referenceScheme=HeadOffice&allowPlaceHolder=true [list:[style.background-image]] | backdrop:1024x?:https://cuecinemas.com/CDN/media/entity/get/FilmBackdrop/h-HO00001074?width=1024&referenceScheme=HeadOffice&allowPlaceHolder=true&fallbackMediaType=FilmTitleGraphic [detail:[data-image-url]]
[movie-sync] poster selected best Cue URL | title="Bullah" | url=https://cuecinemas.com/CDN/media/entity/get/FilmPosterGraphic/h-HO00001074?width=121&height=180&referenceScheme=HeadOffice&allowPlaceHolder=true
[movie-sync] poster candidate note | title="Bullah" | Cue only exposes the low-resolution poster in inspected page HTML; downloader fallback will try normalized poster URL variants
[movie-sync] poster current URL | title="Spider-Man: Brand New Day" | url=https://cuecinemas.com/CDN/media/entity/get/FilmPosterGraphic/f-F000001465?width=121&height=180&referenceScheme=Global&allowPlaceHolder=true
[movie-sync] poster discovered candidates | title="Spider-Man: Brand New Day" | urls=poster:121x180:https://cuecinemas.com/CDN/media/entity/get/FilmPosterGraphic/f-F000001465?width=121&height=180&referenceScheme=Global&allowPlaceHolder=true [list:[style.background-image]] | backdrop:1024x?:https://cuecinemas.com/CDN/media/entity/get/FilmBackdrop/f-F000001465?width=1024&referenceScheme=Global&allowPlaceHolder=true&fallbackMediaType=FilmTitleGraphic [detail:[data-image-url]]
[movie-sync] poster selected best Cue URL | title="Spider-Man: Brand New Day" | url=https://cuecinemas.com/CDN/media/entity/get/FilmPosterGraphic/f-F000001465?width=121&height=180&referenceScheme=Global&allowPlaceHolder=true
[movie-sync] poster candidate note | title="Spider-Man: Brand New Day" | Cue only exposes the low-resolution poster in inspected page HTML; downloader fallback will try normalized poster URL variants
[movie-sync] poster current URL | title="The Odyssey" | url=https://cuecinemas.com/CDN/media/entity/get/FilmPosterGraphic/f-F000001427?width=121&height=180&referenceScheme=Global&allowPlaceHolder=true
[movie-sync] poster discovered candidates | title="The Odyssey" | urls=poster:121x180:https://cuecinemas.com/CDN/media/entity/get/FilmPosterGraphic/f-F000001427?width=121&height=180&referenceScheme=Global&allowPlaceHolder=true [list:[style.background-image]] | backdrop:1024x?:https://cuecinemas.com/CDN/media/entity/get/FilmBackdrop/f-F000001427?width=1024&referenceScheme=Global&allowPlaceHolder=true&fallbackMediaType=FilmTitleGraphic [detail:[data-image-url]]
[movie-sync] poster selected best Cue URL | title="The Odyssey" | url=https://cuecinemas.com/CDN/media/entity/get/FilmPosterGraphic/f-F000001427?width=121&height=180&referenceScheme=Global&allowPlaceHolder=true
[movie-sync] poster candidate note | title="The Odyssey" | Cue only exposes the low-resolution poster in inspected page HTML; downloader fallback will try normalized poster URL variants
[movie-sync] poster current URL | title="The Devil Wears Prada 2" | url=https://cuecinemas.com/CDN/media/entity/get/FilmPosterGraphic/f-F000001409?width=121&height=180&referenceScheme=Global&allowPlaceHolder=true
[movie-sync] poster discovered candidates | title="The Devil Wears Prada 2" | urls=poster:121x180:https://cuecinemas.com/CDN/media/entity/get/FilmPosterGraphic/f-F000001409?width=121&height=180&referenceScheme=Global&allowPlaceHolder=true [list:[style.background-image]] | backdrop:1024x?:https://cuecinemas.com/CDN/media/entity/get/FilmBackdrop/f-F000001409?width=1024&referenceScheme=Global&allowPlaceHolder=true&fallbackMediaType=FilmTitleGraphic [detail:[data-image-url]]
[movie-sync] poster selected best Cue URL | title="The Devil Wears Prada 2" | url=https://cuecinemas.com/CDN/media/entity/get/FilmPosterGraphic/f-F000001409?width=121&height=180&referenceScheme=Global&allowPlaceHolder=true
[movie-sync] poster candidate note | title="The Devil Wears Prada 2" | Cue only exposes the low-resolution poster in inspected page HTML; downloader fallback will try normalized poster URL variants
[movie-sync] poster current URL | title="Supergirl" | url=https://cuecinemas.com/CDN/media/entity/get/FilmPosterGraphic/f-F000001428?width=121&height=180&referenceScheme=Global&allowPlaceHolder=true
[movie-sync] poster discovered candidates | title="Supergirl" | urls=poster:121x180:https://cuecinemas.com/CDN/media/entity/get/FilmPosterGraphic/f-F000001428?width=121&height=180&referenceScheme=Global&allowPlaceHolder=true [list:[style.background-image]] | backdrop:1024x?:https://cuecinemas.com/CDN/media/entity/get/FilmBackdrop/f-F000001428?width=1024&referenceScheme=Global&allowPlaceHolder=true&fallbackMediaType=FilmTitleGraphic [detail:[data-image-url]]
[movie-sync] poster selected best Cue URL | title="Supergirl" | url=https://cuecinemas.com/CDN/media/entity/get/FilmPosterGraphic/f-F000001428?width=121&height=180&referenceScheme=Global&allowPlaceHolder=true
[movie-sync] poster candidate note | title="Supergirl" | Cue only exposes the low-resolution poster in inspected page HTML; downloader fallback will try normalized poster URL variants
[movie-sync] poster current URL | title="Passenger" | url=https://cuecinemas.com/CDN/media/entity/get/FilmPosterGraphic/f-F000001486?width=121&height=180&referenceScheme=Global&allowPlaceHolder=true
[movie-sync] poster discovered candidates | title="Passenger" | urls=poster:121x180:https://cuecinemas.com/CDN/media/entity/get/FilmPosterGraphic/f-F000001486?width=121&height=180&referenceScheme=Global&allowPlaceHolder=true [list:[style.background-image]] | backdrop:1024x?:https://cuecinemas.com/CDN/media/entity/get/FilmBackdrop/f-F000001486?width=1024&referenceScheme=Global&allowPlaceHolder=true&fallbackMediaType=FilmTitleGraphic [detail:[data-image-url]]
[movie-sync] poster selected best Cue URL | title="Passenger" | url=https://cuecinemas.com/CDN/media/entity/get/FilmPosterGraphic/f-F000001486?width=121&height=180&referenceScheme=Global&allowPlaceHolder=true
[movie-sync] poster candidate note | title="Passenger" | Cue only exposes the low-resolution poster in inspected page HTML; downloader fallback will try normalized poster URL variants
[movie-sync] poster current URL | title="Fuze" | url=https://cuecinemas.com/CDN/media/entity/get/FilmPosterGraphic/f-F000001471?width=121&height=180&referenceScheme=Global&allowPlaceHolder=true
[movie-sync] poster discovered candidates | title="Fuze" | urls=poster:121x180:https://cuecinemas.com/CDN/media/entity/get/FilmPosterGraphic/f-F000001471?width=121&height=180&referenceScheme=Global&allowPlaceHolder=true [list:[style.background-image]] | backdrop:1024x?:https://cuecinemas.com/CDN/media/entity/get/FilmBackdrop/f-F000001471?width=1024&referenceScheme=Global&allowPlaceHolder=true&fallbackMediaType=FilmTitleGraphic [detail:[data-image-url]]
[movie-sync] poster selected best Cue URL | title="Fuze" | url=https://cuecinemas.com/CDN/media/entity/get/FilmPosterGraphic/f-F000001471?width=121&height=180&referenceScheme=Global&allowPlaceHolder=true
[movie-sync] poster candidate note | title="Fuze" | Cue only exposes the low-resolution poster in inspected page HTML; downloader fallback will try normalized poster URL variants
[movie-sync] poster current URL | title="Digger" | url=https://cuecinemas.com/CDN/media/entity/get/FilmPosterGraphic/f-F000001430?width=121&height=180&referenceScheme=Global&allowPlaceHolder=true
[movie-sync] poster discovered candidates | title="Digger" | urls=poster:121x180:https://cuecinemas.com/CDN/media/entity/get/FilmPosterGraphic/f-F000001430?width=121&height=180&referenceScheme=Global&allowPlaceHolder=true [list:[style.background-image]] | backdrop:1024x?:https://cuecinemas.com/CDN/media/entity/get/FilmBackdrop/f-F000001430?width=1024&referenceScheme=Global&allowPlaceHolder=true&fallbackMediaType=FilmTitleGraphic [detail:[data-image-url]]
[movie-sync] poster selected best Cue URL | title="Digger" | url=https://cuecinemas.com/CDN/media/entity/get/FilmPosterGraphic/f-F000001430?width=121&height=180&referenceScheme=Global&allowPlaceHolder=true
[movie-sync] poster candidate note | title="Digger" | Cue only exposes the low-resolution poster in inspected page HTML; downloader fallback will try normalized poster URL variants
[movie-sync] poster current URL | title="Minions & Monsters" | url=https://cuecinemas.com/CDN/media/entity/get/FilmPosterGraphic/f-F000001460?width=121&height=180&referenceScheme=Global&allowPlaceHolder=true
[movie-sync] poster discovered candidates | title="Minions & Monsters" | urls=poster:121x180:https://cuecinemas.com/CDN/media/entity/get/FilmPosterGraphic/f-F000001460?width=121&height=180&referenceScheme=Global&allowPlaceHolder=true [list:[style.background-image]] | backdrop:1024x?:https://cuecinemas.com/CDN/media/entity/get/FilmBackdrop/f-F000001460?width=1024&referenceScheme=Global&allowPlaceHolder=true&fallbackMediaType=FilmTitleGraphic [detail:[data-image-url]]
[movie-sync] poster selected best Cue URL | title="Minions & Monsters" | url=https://cuecinemas.com/CDN/media/entity/get/FilmPosterGraphic/f-F000001460?width=121&height=180&referenceScheme=Global&allowPlaceHolder=true
[movie-sync] poster candidate note | title="Minions & Monsters" | Cue only exposes the low-resolution poster in inspected page HTML; downloader fallback will try normalized poster URL variants
[movie-sync] poster current URL | title="Lee Cronin's The Mummy" | url=https://cuecinemas.com/CDN/media/entity/get/FilmPosterGraphic/f-F000001450?width=121&height=180&referenceScheme=Global&allowPlaceHolder=true
[movie-sync] poster discovered candidates | title="Lee Cronin's The Mummy" | urls=poster:121x180:https://cuecinemas.com/CDN/media/entity/get/FilmPosterGraphic/f-F000001450?width=121&height=180&referenceScheme=Global&allowPlaceHolder=true [list:[style.background-image]] | backdrop:1024x?:https://cuecinemas.com/CDN/media/entity/get/FilmBackdrop/f-F000001450?width=1024&referenceScheme=Global&allowPlaceHolder=true&fallbackMediaType=FilmTitleGraphic [detail:[data-image-url]]
[movie-sync] poster selected best Cue URL | title="Lee Cronin's The Mummy" | url=https://cuecinemas.com/CDN/media/entity/get/FilmPosterGraphic/f-F000001450?width=121&height=180&referenceScheme=Global&allowPlaceHolder=true
[movie-sync] poster candidate note | title="Lee Cronin's The Mummy" | Cue only exposes the low-resolution poster in inspected page HTML; downloader fallback will try normalized poster URL variants
[movie-sync] poster current URL | title="The Cat in the Hat" | url=https://cuecinemas.com/CDN/media/entity/get/FilmPosterGraphic/f-F000001355?width=121&height=180&referenceScheme=Global&allowPlaceHolder=true
[movie-sync] poster discovered candidates | title="The Cat in the Hat" | urls=poster:121x180:https://cuecinemas.com/CDN/media/entity/get/FilmPosterGraphic/f-F000001355?width=121&height=180&referenceScheme=Global&allowPlaceHolder=true [list:[style.background-image]] | backdrop:1024x?:https://cuecinemas.com/CDN/media/entity/get/FilmBackdrop/f-F000001355?width=1024&referenceScheme=Global&allowPlaceHolder=true&fallbackMediaType=FilmTitleGraphic [detail:[data-image-url]]
[movie-sync] poster selected best Cue URL | title="The Cat in the Hat" | url=https://cuecinemas.com/CDN/media/entity/get/FilmPosterGraphic/f-F000001355?width=121&height=180&referenceScheme=Global&allowPlaceHolder=true
[movie-sync] poster candidate note | title="The Cat in the Hat" | Cue only exposes the low-resolution poster in inspected page HTML; downloader fallback will try normalized poster URL variants
[movie-sync] poster current URL | title="Hoppers" | url=https://cuecinemas.com/CDN/media/entity/get/FilmPosterGraphic/h-HO00000999?width=121&height=180&referenceScheme=HeadOffice&allowPlaceHolder=true
[movie-sync] poster discovered candidates | title="Hoppers" | urls=poster:121x180:https://cuecinemas.com/CDN/media/entity/get/FilmPosterGraphic/h-HO00000999?width=121&height=180&referenceScheme=HeadOffice&allowPlaceHolder=true [list:[style.background-image]] | backdrop:1024x?:https://cuecinemas.com/CDN/media/entity/get/FilmBackdrop/h-HO00000999?width=1024&referenceScheme=HeadOffice&allowPlaceHolder=true&fallbackMediaType=FilmTitleGraphic [detail:[data-image-url]]
[movie-sync] poster selected best Cue URL | title="Hoppers" | url=https://cuecinemas.com/CDN/media/entity/get/FilmPosterGraphic/h-HO00000999?width=121&height=180&referenceScheme=HeadOffice&allowPlaceHolder=true
[movie-sync] poster candidate note | title="Hoppers" | Cue only exposes the low-resolution poster in inspected page HTML; downloader fallback will try normalized poster URL variants
[movie-sync] poster current URL | title="Khushkhabri" | url=https://cuecinemas.com/CDN/media/entity/get/FilmPosterGraphic/f-F000001494?width=121&height=180&referenceScheme=Global&allowPlaceHolder=true
[movie-sync] poster discovered candidates | title="Khushkhabri" | urls=poster:121x180:https://cuecinemas.com/CDN/media/entity/get/FilmPosterGraphic/f-F000001494?width=121&height=180&referenceScheme=Global&allowPlaceHolder=true [list:[style.background-image]] | backdrop:1024x?:https://cuecinemas.com/CDN/media/entity/get/FilmBackdrop/f-F000001494?width=1024&referenceScheme=Global&allowPlaceHolder=true&fallbackMediaType=FilmTitleGraphic [detail:[data-image-url]]
[movie-sync] poster selected best Cue URL | title="Khushkhabri" | url=https://cuecinemas.com/CDN/media/entity/get/FilmPosterGraphic/f-F000001494?width=121&height=180&referenceScheme=Global&allowPlaceHolder=true
[movie-sync] poster candidate note | title="Khushkhabri" | Cue only exposes the low-resolution poster in inspected page HTML; downloader fallback will try normalized poster URL variants
[movie-sync] poster current URL | title="Musa Kalimullah: Be Vaght-e Tolue" | url=https://cuecinemas.com/CDN/media/entity/get/FilmPosterGraphic/f-F000001425?width=121&height=180&referenceScheme=Global&allowPlaceHolder=true
[movie-sync] poster discovered candidates | title="Musa Kalimullah: Be Vaght-e Tolue" | urls=poster:121x180:https://cuecinemas.com/CDN/media/entity/get/FilmPosterGraphic/f-F000001425?width=121&height=180&referenceScheme=Global&allowPlaceHolder=true [list:[style.background-image]] | backdrop:1024x?:https://cuecinemas.com/CDN/media/entity/get/FilmBackdrop/f-F000001425?width=1024&referenceScheme=Global&allowPlaceHolder=true&fallbackMediaType=FilmTitleGraphic [detail:[data-image-url]]
[movie-sync] poster selected best Cue URL | title="Musa Kalimullah: Be Vaght-e Tolue" | url=https://cuecinemas.com/CDN/media/entity/get/FilmPosterGraphic/f-F000001425?width=121&height=180&referenceScheme=Global&allowPlaceHolder=true
[movie-sync] poster candidate note | title="Musa Kalimullah: Be Vaght-e Tolue" | Cue only exposes the low-resolution poster in inspected page HTML; downloader fallback will try normalized poster URL variants
[movie-sync] poster current URL | title="Michael" | url=https://cuecinemas.com/CDN/media/entity/get/FilmPosterGraphic/f-F000001392?width=121&height=180&referenceScheme=Global&allowPlaceHolder=true
[movie-sync] poster discovered candidates | title="Michael" | urls=poster:121x180:https://cuecinemas.com/CDN/media/entity/get/FilmPosterGraphic/f-F000001392?width=121&height=180&referenceScheme=Global&allowPlaceHolder=true [list:[style.background-image]] | backdrop:1024x?:https://cuecinemas.com/CDN/media/entity/get/FilmBackdrop/f-F000001392?width=1024&referenceScheme=Global&allowPlaceHolder=true&fallbackMediaType=FilmTitleGraphic [detail:[data-image-url]]
[movie-sync] poster selected best Cue URL | title="Michael" | url=https://cuecinemas.com/CDN/media/entity/get/FilmPosterGraphic/f-F000001392?width=121&height=180&referenceScheme=Global&allowPlaceHolder=true
[movie-sync] poster candidate note | title="Michael" | Cue only exposes the low-resolution poster in inspected page HTML; downloader fallback will try normalized poster URL variants
[movie-sync] poster current URL | title="Disclosure Day" | url=https://cuecinemas.com/CDN/media/entity/get/FilmPosterGraphic/f-F000001420?width=121&height=180&referenceScheme=Global&allowPlaceHolder=true
[movie-sync] poster discovered candidates | title="Disclosure Day" | urls=poster:121x180:https://cuecinemas.com/CDN/media/entity/get/FilmPosterGraphic/f-F000001420?width=121&height=180&referenceScheme=Global&allowPlaceHolder=true [list:[style.background-image]] | backdrop:1024x?:https://cuecinemas.com/CDN/media/entity/get/FilmBackdrop/f-F000001420?width=1024&referenceScheme=Global&allowPlaceHolder=true&fallbackMediaType=FilmTitleGraphic [detail:[data-image-url]]
[movie-sync] poster selected best Cue URL | title="Disclosure Day" | url=https://cuecinemas.com/CDN/media/entity/get/FilmPosterGraphic/f-F000001420?width=121&height=180&referenceScheme=Global&allowPlaceHolder=true
[movie-sync] poster candidate note | title="Disclosure Day" | Cue only exposes the low-resolution poster in inspected page HTML; downloader fallback will try normalized poster URL variants
[movie-sync] poster current URL | title="Tuner" | url=https://cuecinemas.com/CDN/media/entity/get/FilmPosterGraphic/f-F000001485?width=121&height=180&referenceScheme=Global&allowPlaceHolder=true
[movie-sync] poster discovered candidates | title="Tuner" | urls=poster:121x180:https://cuecinemas.com/CDN/media/entity/get/FilmPosterGraphic/f-F000001485?width=121&height=180&referenceScheme=Global&allowPlaceHolder=true [list:[style.background-image]] | backdrop:1024x?:https://cuecinemas.com/CDN/media/entity/get/FilmBackdrop/f-F000001485?width=1024&referenceScheme=Global&allowPlaceHolder=true&fallbackMediaType=FilmTitleGraphic [detail:[data-image-url]]
[movie-sync] poster selected best Cue URL | title="Tuner" | url=https://cuecinemas.com/CDN/media/entity/get/FilmPosterGraphic/f-F000001485?width=121&height=180&referenceScheme=Global&allowPlaceHolder=true
[movie-sync] poster candidate note | title="Tuner" | Cue only exposes the low-resolution poster in inspected page HTML; downloader fallback will try normalized poster URL variants
[movie-sync] poster current URL | title="The End of Oak Street" | url=https://cuecinemas.com/CDN/media/entity/get/FilmPosterGraphic/f-F000001490?width=121&height=180&referenceScheme=Global&allowPlaceHolder=true
[movie-sync] poster discovered candidates | title="The End of Oak Street" | urls=poster:121x180:https://cuecinemas.com/CDN/media/entity/get/FilmPosterGraphic/f-F000001490?width=121&height=180&referenceScheme=Global&allowPlaceHolder=true [list:[style.background-image]] | backdrop:1024x?:https://cuecinemas.com/CDN/media/entity/get/FilmBackdrop/f-F000001490?width=1024&referenceScheme=Global&allowPlaceHolder=true&fallbackMediaType=FilmTitleGraphic [detail:[data-image-url]]
[movie-sync] poster selected best Cue URL | title="The End of Oak Street" | url=https://cuecinemas.com/CDN/media/entity/get/FilmPosterGraphic/f-F000001490?width=121&height=180&referenceScheme=Global&allowPlaceHolder=true
[movie-sync] poster candidate note | title="The End of Oak Street" | Cue only exposes the low-resolution poster in inspected page HTML; downloader fallback will try normalized poster URL variants
[movie-sync] poster current URL | title="Project Hail Mary" | url=https://cuecinemas.com/CDN/media/entity/get/FilmPosterGraphic/h-HO00001020?width=121&height=180&referenceScheme=HeadOffice&allowPlaceHolder=true
[movie-sync] poster discovered candidates | title="Project Hail Mary" | urls=poster:121x180:https://cuecinemas.com/CDN/media/entity/get/FilmPosterGraphic/h-HO00001020?width=121&height=180&referenceScheme=HeadOffice&allowPlaceHolder=true [list:[style.background-image]] | backdrop:1024x?:https://cuecinemas.com/CDN/media/entity/get/FilmBackdrop/h-HO00001020?width=1024&referenceScheme=HeadOffice&allowPlaceHolder=true&fallbackMediaType=FilmTitleGraphic [detail:[data-image-url]]
[movie-sync] poster selected best Cue URL | title="Project Hail Mary" | url=https://cuecinemas.com/CDN/media/entity/get/FilmPosterGraphic/h-HO00001020?width=121&height=180&referenceScheme=HeadOffice&allowPlaceHolder=true
[movie-sync] poster candidate note | title="Project Hail Mary" | Cue only exposes the low-resolution poster in inspected page HTML; downloader fallback will try normalized poster URL variants
[movie-sync] poster current URL | title="Dune: Part Three" | url=https://cuecinemas.com/CDN/media/entity/get/FilmPosterGraphic/f-F000001484?width=121&height=180&referenceScheme=Global&allowPlaceHolder=true
[movie-sync] poster discovered candidates | title="Dune: Part Three" | urls=poster:121x180:https://cuecinemas.com/CDN/media/entity/get/FilmPosterGraphic/f-F000001484?width=121&height=180&referenceScheme=Global&allowPlaceHolder=true [list:[style.background-image]] | backdrop:1024x?:https://cuecinemas.com/CDN/media/entity/get/FilmBackdrop/f-F000001484?width=1024&referenceScheme=Global&allowPlaceHolder=true&fallbackMediaType=FilmTitleGraphic [detail:[data-image-url]]
[movie-sync] poster selected best Cue URL | title="Dune: Part Three" | url=https://cuecinemas.com/CDN/media/entity/get/FilmPosterGraphic/f-F000001484?width=121&height=180&referenceScheme=Global&allowPlaceHolder=true
[movie-sync] poster candidate note | title="Dune: Part Three" | Cue only exposes the low-resolution poster in inspected page HTML; downloader fallback will try normalized poster URL variants
[movie-sync] poster current URL | title="Toy Story 5" | url=https://cuecinemas.com/CDN/media/entity/get/FilmPosterGraphic/f-F000001429?width=121&height=180&referenceScheme=Global&allowPlaceHolder=true
[movie-sync] poster discovered candidates | title="Toy Story 5" | urls=poster:121x180:https://cuecinemas.com/CDN/media/entity/get/FilmPosterGraphic/f-F000001429?width=121&height=180&referenceScheme=Global&allowPlaceHolder=true [list:[style.background-image]] | backdrop:1024x?:https://cuecinemas.com/CDN/media/entity/get/FilmBackdrop/f-F000001429?width=1024&referenceScheme=Global&allowPlaceHolder=true&fallbackMediaType=FilmTitleGraphic [detail:[data-image-url]]
[movie-sync] poster selected best Cue URL | title="Toy Story 5" | url=https://cuecinemas.com/CDN/media/entity/get/FilmPosterGraphic/f-F000001429?width=121&height=180&referenceScheme=Global&allowPlaceHolder=true
[movie-sync] poster candidate note | title="Toy Story 5" | Cue only exposes the low-resolution poster in inspected page HTML; downloader fallback will try normalized poster URL variants
[movie-sync] poster current URL | title="Mortal Kombat II" | url=https://cuecinemas.com/CDN/media/entity/get/FilmPosterGraphic/f-F000001391?width=121&height=180&referenceScheme=Global&allowPlaceHolder=true
[movie-sync] poster discovered candidates | title="Mortal Kombat II" | urls=poster:121x180:https://cuecinemas.com/CDN/media/entity/get/FilmPosterGraphic/f-F000001391?width=121&height=180&referenceScheme=Global&allowPlaceHolder=true [list:[style.background-image]] | backdrop:1024x?:https://cuecinemas.com/CDN/media/entity/get/FilmBackdrop/f-F000001391?width=1024&referenceScheme=Global&allowPlaceHolder=true&fallbackMediaType=FilmTitleGraphic [detail:[data-image-url]]
[movie-sync] poster selected best Cue URL | title="Mortal Kombat II" | url=https://cuecinemas.com/CDN/media/entity/get/FilmPosterGraphic/f-F000001391?width=121&height=180&referenceScheme=Global&allowPlaceHolder=true
[movie-sync] poster candidate note | title="Mortal Kombat II" | Cue only exposes the low-resolution poster in inspected page HTML; downloader fallback will try normalized poster URL variants
[movie-sync] poster current URL | title="The Sheep Detectives" | url=https://cuecinemas.com/CDN/media/entity/get/FilmPosterGraphic/f-F000001426?width=121&height=180&referenceScheme=Global&allowPlaceHolder=true
[movie-sync] poster discovered candidates | title="The Sheep Detectives" | urls=poster:121x180:https://cuecinemas.com/CDN/media/entity/get/FilmPosterGraphic/f-F000001426?width=121&height=180&referenceScheme=Global&allowPlaceHolder=true [list:[style.background-image]] | backdrop:1024x?:https://cuecinemas.com/CDN/media/entity/get/FilmBackdrop/f-F000001426?width=1024&referenceScheme=Global&allowPlaceHolder=true&fallbackMediaType=FilmTitleGraphic [detail:[data-image-url]]
[movie-sync] poster selected best Cue URL | title="The Sheep Detectives" | url=https://cuecinemas.com/CDN/media/entity/get/FilmPosterGraphic/f-F000001426?width=121&height=180&referenceScheme=Global&allowPlaceHolder=true
[movie-sync] poster candidate note | title="The Sheep Detectives" | Cue only exposes the low-resolution poster in inspected page HTML; downloader fallback will try normalized poster URL variants
[movie-sync] poster current URL | title="Holy Night: Demon Hunters" | url=https://cuecinemas.com/CDN/media/entity/get/FilmPosterGraphic/f-F000001455?width=121&height=180&referenceScheme=Global&allowPlaceHolder=true
[movie-sync] poster discovered candidates | title="Holy Night: Demon Hunters" | urls=poster:121x180:https://cuecinemas.com/CDN/media/entity/get/FilmPosterGraphic/f-F000001455?width=121&height=180&referenceScheme=Global&allowPlaceHolder=true [list:[style.background-image]] | backdrop:1024x?:https://cuecinemas.com/CDN/media/entity/get/FilmBackdrop/f-F000001455?width=1024&referenceScheme=Global&allowPlaceHolder=true&fallbackMediaType=FilmTitleGraphic [detail:[data-image-url]]
[movie-sync] poster selected best Cue URL | title="Holy Night: Demon Hunters" | url=https://cuecinemas.com/CDN/media/entity/get/FilmPosterGraphic/f-F000001455?width=121&height=180&referenceScheme=Global&allowPlaceHolder=true
[movie-sync] poster candidate note | title="Holy Night: Demon Hunters" | Cue only exposes the low-resolution poster in inspected page HTML; downloader fallback will try normalized poster URL variants
[movie-sync] poster current URL | title="Billie Eilish - Hit Me Hard And Soft" | url=https://cuecinemas.com/CDN/media/entity/get/FilmPosterGraphic/f-F000001432?width=121&height=180&referenceScheme=Global&allowPlaceHolder=true
[movie-sync] poster discovered candidates | title="Billie Eilish - Hit Me Hard And Soft" | urls=poster:121x180:https://cuecinemas.com/CDN/media/entity/get/FilmPosterGraphic/f-F000001432?width=121&height=180&referenceScheme=Global&allowPlaceHolder=true [list:[style.background-image]] | backdrop:1024x?:https://cuecinemas.com/CDN/media/entity/get/FilmBackdrop/f-F000001432?width=1024&referenceScheme=Global&allowPlaceHolder=true&fallbackMediaType=FilmTitleGraphic [detail:[data-image-url]]
[movie-sync] poster selected best Cue URL | title="Billie Eilish - Hit Me Hard And Soft" | url=https://cuecinemas.com/CDN/media/entity/get/FilmPosterGraphic/f-F000001432?width=121&height=180&referenceScheme=Global&allowPlaceHolder=true
[movie-sync] poster candidate note | title="Billie Eilish - Hit Me Hard And Soft" | Cue only exposes the low-resolution poster in inspected page HTML; downloader fallback will try normalized poster URL variants
[movie-sync] poster current URL | title="Star Wars: The Mandalorian and Grogu" | url=https://cuecinemas.com/CDN/media/entity/get/FilmPosterGraphic/f-F000001431?width=121&height=180&referenceScheme=Global&allowPlaceHolder=true
[movie-sync] poster discovered candidates | title="Star Wars: The Mandalorian and Grogu" | urls=poster:121x180:https://cuecinemas.com/CDN/media/entity/get/FilmPosterGraphic/f-F000001431?width=121&height=180&referenceScheme=Global&allowPlaceHolder=true [list:[style.background-image]] | backdrop:1024x?:https://cuecinemas.com/CDN/media/entity/get/FilmBackdrop/f-F000001431?width=1024&referenceScheme=Global&allowPlaceHolder=true&fallbackMediaType=FilmTitleGraphic [detail:[data-image-url]]
[movie-sync] poster selected best Cue URL | title="Star Wars: The Mandalorian and Grogu" | url=https://cuecinemas.com/CDN/media/entity/get/FilmPosterGraphic/f-F000001431?width=121&height=180&referenceScheme=Global&allowPlaceHolder=true
[movie-sync] poster candidate note | title="Star Wars: The Mandalorian and Grogu" | Cue only exposes the low-resolution poster in inspected page HTML; downloader fallback will try normalized poster URL variants
[movie-sync] poster current URL | title="Avengers: Doomsday" | url=https://cuecinemas.com/CDN/media/entity/get/FilmPosterGraphic/f-F000001483?width=121&height=180&referenceScheme=Global&allowPlaceHolder=true
[movie-sync] poster discovered candidates | title="Avengers: Doomsday" | urls=poster:121x180:https://cuecinemas.com/CDN/media/entity/get/FilmPosterGraphic/f-F000001483?width=121&height=180&referenceScheme=Global&allowPlaceHolder=true [list:[style.background-image]] | backdrop:1024x?:https://cuecinemas.com/CDN/media/entity/get/FilmBackdrop/f-F000001483?width=1024&referenceScheme=Global&allowPlaceHolder=true&fallbackMediaType=FilmTitleGraphic [detail:[data-image-url]]
[movie-sync] poster selected best Cue URL | title="Avengers: Doomsday" | url=https://cuecinemas.com/CDN/media/entity/get/FilmPosterGraphic/f-F000001483?width=121&height=180&referenceScheme=Global&allowPlaceHolder=true
[movie-sync] poster candidate note | title="Avengers: Doomsday" | Cue only exposes the low-resolution poster in inspected page HTML; downloader fallback will try normalized poster URL variants
[movie-sync] poster current URL | title="Aag Lage Basti Mein" | url=https://cuecinemas.com/CDN/media/entity/get/FilmPosterGraphic/h-HO00001078?width=121&height=180&referenceScheme=HeadOffice&allowPlaceHolder=true
[movie-sync] poster discovered candidates | title="Aag Lage Basti Mein" | urls=poster:121x180:https://cuecinemas.com/CDN/media/entity/get/FilmPosterGraphic/h-HO00001078?width=121&height=180&referenceScheme=HeadOffice&allowPlaceHolder=true [list:[style.background-image]] | backdrop:1024x?:https://cuecinemas.com/CDN/media/entity/get/FilmBackdrop/h-HO00001078?width=1024&referenceScheme=HeadOffice&allowPlaceHolder=true&fallbackMediaType=FilmTitleGraphic [detail:[data-image-url]]
[movie-sync] poster selected best Cue URL | title="Aag Lage Basti Mein" | url=https://cuecinemas.com/CDN/media/entity/get/FilmPosterGraphic/h-HO00001078?width=121&height=180&referenceScheme=HeadOffice&allowPlaceHolder=true
[movie-sync] poster candidate note | title="Aag Lage Basti Mein" | Cue only exposes the low-resolution poster in inspected page HTML; downloader fallback will try normalized poster URL variants
